\BOOKMARK [1][-]{section.1}{Introduction}{}% 1
\BOOKMARK [1][-]{section.2}{SURREAL Dataset}{}% 2
\BOOKMARK [2][-]{subsection.2.1}{Image rendering procedure}{section.2}% 3
\BOOKMARK [2][-]{subsection.2.2}{Dataset details and adaptation}{section.2}% 4
\BOOKMARK [1][-]{section.3}{General Segmentation Purposed Networks}{}% 5
\BOOKMARK [2][-]{subsection.3.1}{Experimental Procedure}{section.3}% 6
\BOOKMARK [2][-]{subsection.3.2}{ICNet: Image Cascade Network}{section.3}% 7
\BOOKMARK [3][-]{subsubsection.3.2.1}{Introduction}{subsection.3.2}% 8
\BOOKMARK [3][-]{subsubsection.3.2.2}{Description}{subsection.3.2}% 9
\BOOKMARK [3][-]{subsubsection.3.2.3}{Results}{subsection.3.2}% 10
\BOOKMARK [3][-]{subsubsection.3.2.4}{Analysis and Conclusions}{subsection.3.2}% 11
\BOOKMARK [2][-]{subsection.3.3}{SegNet}{section.3}% 12
\BOOKMARK [3][-]{subsubsection.3.3.1}{Introduction}{subsection.3.3}% 13
\BOOKMARK [3][-]{subsubsection.3.3.2}{Description}{subsection.3.3}% 14
\BOOKMARK [3][-]{subsubsection.3.3.3}{Results}{subsection.3.3}% 15
\BOOKMARK [3][-]{subsubsection.3.3.4}{Analysis and Conclusions}{subsection.3.3}% 16
\BOOKMARK [1][-]{section.4}{Specialized Networks}{}% 17
\BOOKMARK [2][-]{subsection.4.1}{Stacked Hourglass}{section.4}% 18
\BOOKMARK [3][-]{subsubsection.4.1.1}{Introduction}{subsection.4.1}% 19
\BOOKMARK [3][-]{subsubsection.4.1.2}{Description}{subsection.4.1}% 20
\BOOKMARK [3][-]{subsubsection.4.1.3}{Experimental Procedure}{subsection.4.1}% 21
\BOOKMARK [3][-]{subsubsection.4.1.4}{Results}{subsection.4.1}% 22
\BOOKMARK [3][-]{subsubsection.4.1.5}{Analysis and conclusions}{subsection.4.1}% 23
\BOOKMARK [1][-]{section.5}{Network Comparison}{}% 24
