This is pdfTeX, Version 3.14159265-2.6-1.40.16 (TeX Live 2015/Debian) (preloaded format=pdflatex 2018.8.7)  13 AUG 2018 17:19
entering extended mode
 restricted \write18 enabled.
 %&-line parsing enabled.
**tfm.tex
(./tfm.tex
LaTeX2e <2016/02/01>
Babel <3.9q> and hyphenation patterns for 81 language(s) loaded.
(/usr/share/texlive/texmf-dist/tex/latex/base/article.cls
Document Class: article 2014/09/29 v1.4h Standard LaTeX document class
(/usr/share/texlive/texmf-dist/tex/latex/base/size12.clo
File: size12.clo 2014/09/29 v1.4h Standard LaTeX file (size option)
)
\c@part=\count79
\c@section=\count80
\c@subsection=\count81
\c@subsubsection=\count82
\c@paragraph=\count83
\c@subparagraph=\count84
\c@figure=\count85
\c@table=\count86
\abovecaptionskip=\skip41
\belowcaptionskip=\skip42
\bibindent=\dimen102
)
(/usr/share/texlive/texmf-dist/tex/latex/base/inputenc.sty
Package: inputenc 2015/03/17 v1.2c Input encoding file
\inpenc@prehook=\toks14
\inpenc@posthook=\toks15

(/usr/share/texlive/texmf-dist/tex/latex/ucs/utf8x.def
File: utf8x.def 2004/10/17 UCS: Input encoding UTF-8
))
(/usr/share/texlive/texmf-dist/tex/latex/ucs/ucs.sty
Package: ucs 2013/05/11 v2.2 UCS: Unicode input support

(/usr/share/texlive/texmf-dist/tex/latex/ucs/data/uni-global.def
File: uni-global.def 2013/05/13 UCS: Unicode global data
)
\uc@secondtry=\count87
\uc@combtoks=\toks16
\uc@combtoksb=\toks17
\uc@temptokena=\toks18
)
(/usr/share/texlive/texmf-dist/tex/generic/babel/babel.sty
Package: babel 2016/02/24 3.9q The Babel package

(/usr/share/texlive/texmf-dist/tex/generic/babel-english/english.ldf
Language: english 2012/08/20 v3.3p English support from the babel system

(/usr/share/texlive/texmf-dist/tex/generic/babel/babel.def
File: babel.def 2016/02/24 3.9q Babel common definitions
\babel@savecnt=\count88
\U@D=\dimen103
)
\l@canadian = a dialect from \language\l@american 
\l@australian = a dialect from \language\l@british 
\l@newzealand = a dialect from \language\l@british 
))
(/usr/share/texlive/texmf-dist/tex/latex/graphics/graphicx.sty
Package: graphicx 2014/10/28 v1.0g Enhanced LaTeX Graphics (DPC,SPQR)

(/usr/share/texlive/texmf-dist/tex/latex/graphics/keyval.sty
Package: keyval 2014/10/28 v1.15 key=value parser (DPC)
\KV@toks@=\toks19
)
(/usr/share/texlive/texmf-dist/tex/latex/graphics/graphics.sty
Package: graphics 2016/01/03 v1.0q Standard LaTeX Graphics (DPC,SPQR)

(/usr/share/texlive/texmf-dist/tex/latex/graphics/trig.sty
Package: trig 2016/01/03 v1.10 sin cos tan (DPC)
)
(/usr/share/texlive/texmf-dist/tex/latex/latexconfig/graphics.cfg
File: graphics.cfg 2010/04/23 v1.9 graphics configuration of TeX Live
)
Package graphics Info: Driver file: pdftex.def on input line 95.

(/usr/share/texlive/texmf-dist/tex/latex/pdftex-def/pdftex.def
File: pdftex.def 2011/05/27 v0.06d Graphics/color for pdfTeX

(/usr/share/texlive/texmf-dist/tex/generic/oberdiek/infwarerr.sty
Package: infwarerr 2010/04/08 v1.3 Providing info/warning/error messages (HO)
)
(/usr/share/texlive/texmf-dist/tex/generic/oberdiek/ltxcmds.sty
Package: ltxcmds 2011/11/09 v1.22 LaTeX kernel commands for general use (HO)
)
\Gread@gobject=\count89
))
\Gin@req@height=\dimen104
\Gin@req@width=\dimen105
)
(/usr/share/texlive/texmf-dist/tex/latex/amsfonts/amssymb.sty
Package: amssymb 2013/01/14 v3.01 AMS font symbols

(/usr/share/texlive/texmf-dist/tex/latex/amsfonts/amsfonts.sty
Package: amsfonts 2013/01/14 v3.01 Basic AMSFonts support
\@emptytoks=\toks20
\symAMSa=\mathgroup4
\symAMSb=\mathgroup5
LaTeX Font Info:    Overwriting math alphabet `\mathfrak' in version `bold'
(Font)                  U/euf/m/n --> U/euf/b/n on input line 106.
))
(/usr/share/texlive/texmf-dist/tex/latex/amsmath/amsmath.sty
Package: amsmath 2016/03/03 v2.15a AMS math features
\@mathmargin=\skip43

For additional information on amsmath, use the `?' option.
(/usr/share/texlive/texmf-dist/tex/latex/amsmath/amstext.sty
Package: amstext 2000/06/29 v2.01 AMS text

(/usr/share/texlive/texmf-dist/tex/latex/amsmath/amsgen.sty
File: amsgen.sty 1999/11/30 v2.0 generic functions
\@emptytoks=\toks21
\ex@=\dimen106
))
(/usr/share/texlive/texmf-dist/tex/latex/amsmath/amsbsy.sty
Package: amsbsy 1999/11/29 v1.2d Bold Symbols
\pmbraise@=\dimen107
)
(/usr/share/texlive/texmf-dist/tex/latex/amsmath/amsopn.sty
Package: amsopn 1999/12/14 v2.01 operator names
)
\inf@bad=\count90
LaTeX Info: Redefining \frac on input line 199.
\uproot@=\count91
\leftroot@=\count92
LaTeX Info: Redefining \overline on input line 297.
\classnum@=\count93
\DOTSCASE@=\count94
LaTeX Info: Redefining \ldots on input line 394.
LaTeX Info: Redefining \dots on input line 397.
LaTeX Info: Redefining \cdots on input line 518.
\Mathstrutbox@=\box26
\strutbox@=\box27
\big@size=\dimen108
LaTeX Font Info:    Redeclaring font encoding OML on input line 630.
LaTeX Font Info:    Redeclaring font encoding OMS on input line 631.
\macc@depth=\count95
\c@MaxMatrixCols=\count96
\dotsspace@=\muskip10
\c@parentequation=\count97
\dspbrk@lvl=\count98
\tag@help=\toks22
\row@=\count99
\column@=\count100
\maxfields@=\count101
\andhelp@=\toks23
\eqnshift@=\dimen109
\alignsep@=\dimen110
\tagshift@=\dimen111
\tagwidth@=\dimen112
\totwidth@=\dimen113
\lineht@=\dimen114
\@envbody=\toks24
\multlinegap=\skip44
\multlinetaggap=\skip45
\mathdisplay@stack=\toks25
LaTeX Info: Redefining \[ on input line 2735.
LaTeX Info: Redefining \] on input line 2736.
)
(/usr/share/texlive/texmf-dist/tex/latex/tools/multicol.sty
Package: multicol 2015/08/19 v1.8n multicolumn formatting (FMi)
\c@tracingmulticols=\count102
\mult@box=\box28
\multicol@leftmargin=\dimen115
\c@unbalance=\count103
\c@collectmore=\count104
\doublecol@number=\count105
\multicoltolerance=\count106
\multicolpretolerance=\count107
\full@width=\dimen116
\page@free=\dimen117
\premulticols=\dimen118
\postmulticols=\dimen119
\multicolsep=\skip46
\multicolbaselineskip=\skip47
\partial@page=\box29
\last@line=\box30
\maxbalancingoverflow=\dimen120
\mult@rightbox=\box31
\mult@grightbox=\box32
\mult@gfirstbox=\box33
\mult@firstbox=\box34
\@tempa=\box35
\@tempa=\box36
\@tempa=\box37
\@tempa=\box38
\@tempa=\box39
\@tempa=\box40
\@tempa=\box41
\@tempa=\box42
\@tempa=\box43
\@tempa=\box44
\@tempa=\box45
\@tempa=\box46
\@tempa=\box47
\@tempa=\box48
\@tempa=\box49
\@tempa=\box50
\@tempa=\box51
\c@columnbadness=\count108
\c@finalcolumnbadness=\count109
\last@try=\dimen121
\multicolovershoot=\dimen122
\multicolundershoot=\dimen123
\mult@nat@firstbox=\box52
\colbreak@box=\box53
\mc@col@check@num=\count110
)
(/usr/share/texlive/texmf-dist/tex/latex/geometry/geometry.sty
Package: geometry 2010/09/12 v5.6 Page Geometry

(/usr/share/texlive/texmf-dist/tex/generic/oberdiek/ifpdf.sty
Package: ifpdf 2011/01/30 v2.3 Provides the ifpdf switch (HO)
Package ifpdf Info: pdfTeX in PDF mode is detected.
)
(/usr/share/texlive/texmf-dist/tex/generic/oberdiek/ifvtex.sty
Package: ifvtex 2010/03/01 v1.5 Detect VTeX and its facilities (HO)
Package ifvtex Info: VTeX not detected.
)
(/usr/share/texlive/texmf-dist/tex/generic/ifxetex/ifxetex.sty
Package: ifxetex 2010/09/12 v0.6 Provides ifxetex conditional
)
\Gm@cnth=\count111
\Gm@cntv=\count112
\c@Gm@tempcnt=\count113
\Gm@bindingoffset=\dimen124
\Gm@wd@mp=\dimen125
\Gm@odd@mp=\dimen126
\Gm@even@mp=\dimen127
\Gm@layoutwidth=\dimen128
\Gm@layoutheight=\dimen129
\Gm@layouthoffset=\dimen130
\Gm@layoutvoffset=\dimen131
\Gm@dimlist=\toks26


Package geometry Warning: Over-specification in `h'-direction.
    `width' (505.89pt) is ignored.


Package geometry Warning: Over-specification in `v'-direction.
    `height' (867.23999pt) is ignored.

) (/usr/share/texlive/texmf-dist/tex/latex/caption/caption.sty
Package: caption 2016/02/21 v3.3-144 Customizing captions (AR)

(/usr/share/texlive/texmf-dist/tex/latex/caption/caption3.sty
Package: caption3 2016/02/04 v1.7-139 caption3 kernel (AR)
Package caption3 Info: TeX engine: e-TeX on input line 67.
\captionmargin=\dimen132
\captionmargin@=\dimen133
\captionwidth=\dimen134
\caption@tempdima=\dimen135
\caption@indent=\dimen136
\caption@parindent=\dimen137
\caption@hangindent=\dimen138
)
\c@ContinuedFloat=\count114
)
(/usr/share/texmf/tex/latex/lm/lmodern.sty
Package: lmodern 2009/10/30 v1.6 Latin Modern Fonts
LaTeX Font Info:    Overwriting symbol font `operators' in version `normal'
(Font)                  OT1/cmr/m/n --> OT1/lmr/m/n on input line 22.
LaTeX Font Info:    Overwriting symbol font `letters' in version `normal'
(Font)                  OML/cmm/m/it --> OML/lmm/m/it on input line 23.
LaTeX Font Info:    Overwriting symbol font `symbols' in version `normal'
(Font)                  OMS/cmsy/m/n --> OMS/lmsy/m/n on input line 24.
LaTeX Font Info:    Overwriting symbol font `largesymbols' in version `normal'
(Font)                  OMX/cmex/m/n --> OMX/lmex/m/n on input line 25.
LaTeX Font Info:    Overwriting symbol font `operators' in version `bold'
(Font)                  OT1/cmr/bx/n --> OT1/lmr/bx/n on input line 26.
LaTeX Font Info:    Overwriting symbol font `letters' in version `bold'
(Font)                  OML/cmm/b/it --> OML/lmm/b/it on input line 27.
LaTeX Font Info:    Overwriting symbol font `symbols' in version `bold'
(Font)                  OMS/cmsy/b/n --> OMS/lmsy/b/n on input line 28.
LaTeX Font Info:    Overwriting symbol font `largesymbols' in version `bold'
(Font)                  OMX/cmex/m/n --> OMX/lmex/m/n on input line 29.
LaTeX Font Info:    Overwriting math alphabet `\mathbf' in version `normal'
(Font)                  OT1/cmr/bx/n --> OT1/lmr/bx/n on input line 31.
LaTeX Font Info:    Overwriting math alphabet `\mathsf' in version `normal'
(Font)                  OT1/cmss/m/n --> OT1/lmss/m/n on input line 32.
LaTeX Font Info:    Overwriting math alphabet `\mathit' in version `normal'
(Font)                  OT1/cmr/m/it --> OT1/lmr/m/it on input line 33.
LaTeX Font Info:    Overwriting math alphabet `\mathtt' in version `normal'
(Font)                  OT1/cmtt/m/n --> OT1/lmtt/m/n on input line 34.
LaTeX Font Info:    Overwriting math alphabet `\mathbf' in version `bold'
(Font)                  OT1/cmr/bx/n --> OT1/lmr/bx/n on input line 35.
LaTeX Font Info:    Overwriting math alphabet `\mathsf' in version `bold'
(Font)                  OT1/cmss/bx/n --> OT1/lmss/bx/n on input line 36.
LaTeX Font Info:    Overwriting math alphabet `\mathit' in version `bold'
(Font)                  OT1/cmr/bx/it --> OT1/lmr/bx/it on input line 37.
LaTeX Font Info:    Overwriting math alphabet `\mathtt' in version `bold'
(Font)                  OT1/cmtt/m/n --> OT1/lmtt/m/n on input line 38.
)
(/usr/share/texlive/texmf-dist/tex/latex/base/textcomp.sty
Package: textcomp 2005/09/27 v1.99g Standard LaTeX package
Package textcomp Info: Sub-encoding information:
(textcomp)               5 = only ISO-Adobe without \textcurrency
(textcomp)               4 = 5 + \texteuro
(textcomp)               3 = 4 + \textohm
(textcomp)               2 = 3 + \textestimated + \textcurrency
(textcomp)               1 = TS1 - \textcircled - \t
(textcomp)               0 = TS1 (full)
(textcomp)             Font families with sub-encoding setting implement
(textcomp)             only a restricted character set as indicated.
(textcomp)             Family '?' is the default used for unknown fonts.
(textcomp)             See the documentation for details.
Package textcomp Info: Setting ? sub-encoding to TS1/1 on input line 79.

(/usr/share/texlive/texmf-dist/tex/latex/base/ts1enc.def
File: ts1enc.def 2001/06/05 v3.0e (jk/car/fm) Standard LaTeX file
)
LaTeX Info: Redefining \oldstylenums on input line 334.
Package textcomp Info: Setting cmr sub-encoding to TS1/0 on input line 349.
Package textcomp Info: Setting cmss sub-encoding to TS1/0 on input line 350.
Package textcomp Info: Setting cmtt sub-encoding to TS1/0 on input line 351.
Package textcomp Info: Setting cmvtt sub-encoding to TS1/0 on input line 352.
Package textcomp Info: Setting cmbr sub-encoding to TS1/0 on input line 353.
Package textcomp Info: Setting cmtl sub-encoding to TS1/0 on input line 354.
Package textcomp Info: Setting ccr sub-encoding to TS1/0 on input line 355.
Package textcomp Info: Setting ptm sub-encoding to TS1/4 on input line 356.
Package textcomp Info: Setting pcr sub-encoding to TS1/4 on input line 357.
Package textcomp Info: Setting phv sub-encoding to TS1/4 on input line 358.
Package textcomp Info: Setting ppl sub-encoding to TS1/3 on input line 359.
Package textcomp Info: Setting pag sub-encoding to TS1/4 on input line 360.
Package textcomp Info: Setting pbk sub-encoding to TS1/4 on input line 361.
Package textcomp Info: Setting pnc sub-encoding to TS1/4 on input line 362.
Package textcomp Info: Setting pzc sub-encoding to TS1/4 on input line 363.
Package textcomp Info: Setting bch sub-encoding to TS1/4 on input line 364.
Package textcomp Info: Setting put sub-encoding to TS1/5 on input line 365.
Package textcomp Info: Setting uag sub-encoding to TS1/5 on input line 366.
Package textcomp Info: Setting ugq sub-encoding to TS1/5 on input line 367.
Package textcomp Info: Setting ul8 sub-encoding to TS1/4 on input line 368.
Package textcomp Info: Setting ul9 sub-encoding to TS1/4 on input line 369.
Package textcomp Info: Setting augie sub-encoding to TS1/5 on input line 370.
Package textcomp Info: Setting dayrom sub-encoding to TS1/3 on input line 371.
Package textcomp Info: Setting dayroms sub-encoding to TS1/3 on input line 372.

Package textcomp Info: Setting pxr sub-encoding to TS1/0 on input line 373.
Package textcomp Info: Setting pxss sub-encoding to TS1/0 on input line 374.
Package textcomp Info: Setting pxtt sub-encoding to TS1/0 on input line 375.
Package textcomp Info: Setting txr sub-encoding to TS1/0 on input line 376.
Package textcomp Info: Setting txss sub-encoding to TS1/0 on input line 377.
Package textcomp Info: Setting txtt sub-encoding to TS1/0 on input line 378.
Package textcomp Info: Setting lmr sub-encoding to TS1/0 on input line 379.
Package textcomp Info: Setting lmdh sub-encoding to TS1/0 on input line 380.
Package textcomp Info: Setting lmss sub-encoding to TS1/0 on input line 381.
Package textcomp Info: Setting lmssq sub-encoding to TS1/0 on input line 382.
Package textcomp Info: Setting lmvtt sub-encoding to TS1/0 on input line 383.
Package textcomp Info: Setting lmtt sub-encoding to TS1/0 on input line 384.
Package textcomp Info: Setting qhv sub-encoding to TS1/0 on input line 385.
Package textcomp Info: Setting qag sub-encoding to TS1/0 on input line 386.
Package textcomp Info: Setting qbk sub-encoding to TS1/0 on input line 387.
Package textcomp Info: Setting qcr sub-encoding to TS1/0 on input line 388.
Package textcomp Info: Setting qcs sub-encoding to TS1/0 on input line 389.
Package textcomp Info: Setting qpl sub-encoding to TS1/0 on input line 390.
Package textcomp Info: Setting qtm sub-encoding to TS1/0 on input line 391.
Package textcomp Info: Setting qzc sub-encoding to TS1/0 on input line 392.
Package textcomp Info: Setting qhvc sub-encoding to TS1/0 on input line 393.
Package textcomp Info: Setting futs sub-encoding to TS1/4 on input line 394.
Package textcomp Info: Setting futx sub-encoding to TS1/4 on input line 395.
Package textcomp Info: Setting futj sub-encoding to TS1/4 on input line 396.
Package textcomp Info: Setting hlh sub-encoding to TS1/3 on input line 397.
Package textcomp Info: Setting hls sub-encoding to TS1/3 on input line 398.
Package textcomp Info: Setting hlst sub-encoding to TS1/3 on input line 399.
Package textcomp Info: Setting hlct sub-encoding to TS1/5 on input line 400.
Package textcomp Info: Setting hlx sub-encoding to TS1/5 on input line 401.
Package textcomp Info: Setting hlce sub-encoding to TS1/5 on input line 402.
Package textcomp Info: Setting hlcn sub-encoding to TS1/5 on input line 403.
Package textcomp Info: Setting hlcw sub-encoding to TS1/5 on input line 404.
Package textcomp Info: Setting hlcf sub-encoding to TS1/5 on input line 405.
Package textcomp Info: Setting pplx sub-encoding to TS1/3 on input line 406.
Package textcomp Info: Setting pplj sub-encoding to TS1/3 on input line 407.
Package textcomp Info: Setting ptmx sub-encoding to TS1/4 on input line 408.
Package textcomp Info: Setting ptmj sub-encoding to TS1/4 on input line 409.
)
(/usr/share/texlive/texmf-dist/tex/latex/graphics/color.sty
Package: color 2016/01/03 v1.1b Standard LaTeX Color (DPC)

(/usr/share/texlive/texmf-dist/tex/latex/latexconfig/color.cfg
File: color.cfg 2007/01/18 v1.5 color configuration of teTeX/TeXLive
)
Package color Info: Driver file: pdftex.def on input line 143.

(/usr/share/texlive/texmf-dist/tex/latex/graphics/dvipsnam.def
File: dvipsnam.def 2015/12/30 v3.0k Driver-dependent file (DPC,SPQR)
))
(/usr/share/texlive/texmf-dist/tex/latex/hyperref/hyperref.sty
Package: hyperref 2012/11/06 v6.83m Hypertext links for LaTeX

(/usr/share/texlive/texmf-dist/tex/generic/oberdiek/hobsub-hyperref.sty
Package: hobsub-hyperref 2012/05/28 v1.13 Bundle oberdiek, subset hyperref (HO)


(/usr/share/texlive/texmf-dist/tex/generic/oberdiek/hobsub-generic.sty
Package: hobsub-generic 2012/05/28 v1.13 Bundle oberdiek, subset generic (HO)
Package: hobsub 2012/05/28 v1.13 Construct package bundles (HO)
Package hobsub Info: Skipping package `infwarerr' (already loaded).
Package hobsub Info: Skipping package `ltxcmds' (already loaded).
Package: ifluatex 2010/03/01 v1.3 Provides the ifluatex switch (HO)
Package ifluatex Info: LuaTeX not detected.
Package hobsub Info: Skipping package `ifvtex' (already loaded).
Package: intcalc 2007/09/27 v1.1 Expandable calculations with integers (HO)
Package hobsub Info: Skipping package `ifpdf' (already loaded).
Package: etexcmds 2011/02/16 v1.5 Avoid name clashes with e-TeX commands (HO)
Package etexcmds Info: Could not find \expanded.
(etexcmds)             That can mean that you are not using pdfTeX 1.50 or
(etexcmds)             that some package has redefined \expanded.
(etexcmds)             In the latter case, load this package earlier.
Package: kvsetkeys 2012/04/25 v1.16 Key value parser (HO)
Package: kvdefinekeys 2011/04/07 v1.3 Define keys (HO)
Package: pdftexcmds 2011/11/29 v0.20 Utility functions of pdfTeX for LuaTeX (HO
)
Package pdftexcmds Info: LuaTeX not detected.
Package pdftexcmds Info: \pdf@primitive is available.
Package pdftexcmds Info: \pdf@ifprimitive is available.
Package pdftexcmds Info: \pdfdraftmode found.
Package: pdfescape 2011/11/25 v1.13 Implements pdfTeX's escape features (HO)
Package: bigintcalc 2012/04/08 v1.3 Expandable calculations on big integers (HO
)
Package: bitset 2011/01/30 v1.1 Handle bit-vector datatype (HO)
Package: uniquecounter 2011/01/30 v1.2 Provide unlimited unique counter (HO)
)
Package hobsub Info: Skipping package `hobsub' (already loaded).
Package: letltxmacro 2010/09/02 v1.4 Let assignment for LaTeX macros (HO)
Package: hopatch 2012/05/28 v1.2 Wrapper for package hooks (HO)
Package: xcolor-patch 2011/01/30 xcolor patch
Package: atveryend 2011/06/30 v1.8 Hooks at the very end of document (HO)
Package atveryend Info: \enddocument detected (standard20110627).
Package: atbegshi 2011/10/05 v1.16 At begin shipout hook (HO)
Package: refcount 2011/10/16 v3.4 Data extraction from label references (HO)
Package: hycolor 2011/01/30 v1.7 Color options for hyperref/bookmark (HO)
)
(/usr/share/texlive/texmf-dist/tex/latex/oberdiek/auxhook.sty
Package: auxhook 2011/03/04 v1.3 Hooks for auxiliary files (HO)
)
(/usr/share/texlive/texmf-dist/tex/latex/oberdiek/kvoptions.sty
Package: kvoptions 2011/06/30 v3.11 Key value format for package options (HO)
)
\@linkdim=\dimen139
\Hy@linkcounter=\count115
\Hy@pagecounter=\count116

(/usr/share/texlive/texmf-dist/tex/latex/hyperref/pd1enc.def
File: pd1enc.def 2012/11/06 v6.83m Hyperref: PDFDocEncoding definition (HO)
)
\Hy@SavedSpaceFactor=\count117

(/usr/share/texlive/texmf-dist/tex/latex/latexconfig/hyperref.cfg
File: hyperref.cfg 2002/06/06 v1.2 hyperref configuration of TeXLive
)
Package hyperref Info: Hyper figures OFF on input line 4443.
Package hyperref Info: Link nesting OFF on input line 4448.
Package hyperref Info: Hyper index ON on input line 4451.
Package hyperref Info: Plain pages OFF on input line 4458.
Package hyperref Info: Backreferencing OFF on input line 4463.
Package hyperref Info: Implicit mode ON; LaTeX internals redefined.
Package hyperref Info: Bookmarks ON on input line 4688.
\c@Hy@tempcnt=\count118

(/usr/share/texlive/texmf-dist/tex/latex/url/url.sty
\Urlmuskip=\muskip11
Package: url 2013/09/16  ver 3.4  Verb mode for urls, etc.
)
LaTeX Info: Redefining \url on input line 5041.
\XeTeXLinkMargin=\dimen140
\Fld@menulength=\count119
\Field@Width=\dimen141
\Fld@charsize=\dimen142
Package hyperref Info: Hyper figures OFF on input line 6295.
Package hyperref Info: Link nesting OFF on input line 6300.
Package hyperref Info: Hyper index ON on input line 6303.
Package hyperref Info: backreferencing OFF on input line 6310.
Package hyperref Info: Link coloring OFF on input line 6315.
Package hyperref Info: Link coloring with OCG OFF on input line 6320.
Package hyperref Info: PDF/A mode OFF on input line 6325.
LaTeX Info: Redefining \ref on input line 6365.
LaTeX Info: Redefining \pageref on input line 6369.
\Hy@abspage=\count120
\c@Item=\count121
\c@Hfootnote=\count122
)

Package hyperref Message: Driver (autodetected): hpdftex.

(/usr/share/texlive/texmf-dist/tex/latex/hyperref/hpdftex.def
File: hpdftex.def 2012/11/06 v6.83m Hyperref driver for pdfTeX
\Fld@listcount=\count123
\c@bookmark@seq@number=\count124

(/usr/share/texlive/texmf-dist/tex/latex/oberdiek/rerunfilecheck.sty
Package: rerunfilecheck 2011/04/15 v1.7 Rerun checks for auxiliary files (HO)
Package uniquecounter Info: New unique counter `rerunfilecheck' on input line 2
82.
)
\Hy@SectionHShift=\skip48
)
(/usr/share/texlive/texmf-dist/tex/latex/caption/subcaption.sty
Package: subcaption 2016/02/20 v1.1-142 Sub-captions (AR)
\c@subfigure=\count125
\c@subtable=\count126
)
(/usr/share/texlive/texmf-dist/tex/latex/multirow/multirow.sty
\bigstrutjot=\dimen143
)
(/usr/share/texlive/texmf-dist/tex/latex/wrapfig/wrapfig.sty
\wrapoverhang=\dimen144
\WF@size=\dimen145
\c@WF@wrappedlines=\count127
\WF@box=\box54
\WF@everypar=\toks27
Package: wrapfig 2003/01/31  v 3.6
) (./tfm.aux)
\openout1 = `tfm.aux'.

LaTeX Font Info:    Checking defaults for OML/cmm/m/it on input line 24.
LaTeX Font Info:    ... okay on input line 24.
LaTeX Font Info:    Checking defaults for T1/cmr/m/n on input line 24.
LaTeX Font Info:    ... okay on input line 24.
LaTeX Font Info:    Checking defaults for OT1/cmr/m/n on input line 24.
LaTeX Font Info:    ... okay on input line 24.
LaTeX Font Info:    Checking defaults for OMS/cmsy/m/n on input line 24.
LaTeX Font Info:    ... okay on input line 24.
LaTeX Font Info:    Checking defaults for OMX/cmex/m/n on input line 24.
LaTeX Font Info:    ... okay on input line 24.
LaTeX Font Info:    Checking defaults for U/cmr/m/n on input line 24.
LaTeX Font Info:    ... okay on input line 24.
LaTeX Font Info:    Checking defaults for TS1/cmr/m/n on input line 24.
LaTeX Font Info:    Try loading font information for TS1+cmr on input line 24.

(/usr/share/texlive/texmf-dist/tex/latex/base/ts1cmr.fd
File: ts1cmr.fd 2014/09/29 v2.5h Standard LaTeX font definitions
)
LaTeX Font Info:    ... okay on input line 24.
LaTeX Font Info:    Checking defaults for PD1/pdf/m/n on input line 24.
LaTeX Font Info:    ... okay on input line 24.
LaTeX Font Info:    Try loading font information for OT1+lmr on input line 24.

(/usr/share/texmf/tex/latex/lm/ot1lmr.fd
File: ot1lmr.fd 2009/10/30 v1.6 Font defs for Latin Modern
)
(/usr/share/texlive/texmf-dist/tex/latex/ucs/ucsencs.def
File: ucsencs.def 2011/01/21 Fixes to fontencodings LGR, T3
)
(/usr/share/texlive/texmf-dist/tex/context/base/supp-pdf.mkii
[Loading MPS to PDF converter (version 2006.09.02).]
\scratchcounter=\count128
\scratchdimen=\dimen146
\scratchbox=\box55
\nofMPsegments=\count129
\nofMParguments=\count130
\everyMPshowfont=\toks28
\MPscratchCnt=\count131
\MPscratchDim=\dimen147
\MPnumerator=\count132
\makeMPintoPDFobject=\count133
\everyMPtoPDFconversion=\toks29
) (/usr/share/texlive/texmf-dist/tex/latex/oberdiek/epstopdf-base.sty
Package: epstopdf-base 2010/02/09 v2.5 Base part for package epstopdf

(/usr/share/texlive/texmf-dist/tex/latex/oberdiek/grfext.sty
Package: grfext 2010/08/19 v1.1 Manage graphics extensions (HO)
)
Package grfext Info: Graphics extension search list:
(grfext)             [.png,.pdf,.jpg,.mps,.jpeg,.jbig2,.jb2,.PNG,.PDF,.JPG,.JPE
G,.JBIG2,.JB2,.eps]
(grfext)             \AppendGraphicsExtensions on input line 452.

(/usr/share/texlive/texmf-dist/tex/latex/latexconfig/epstopdf-sys.cfg
File: epstopdf-sys.cfg 2010/07/13 v1.3 Configuration of (r)epstopdf for TeX Liv
e
))
*geometry* driver: auto-detecting
*geometry* detected driver: pdftex
*geometry* verbose mode - [ preamble ] result:
* driver: pdftex
* paper: a4paper
* layout: <same size as paper>
* layoutoffset:(h,v)=(0.0pt,0.0pt)
* modes: 
* h-part:(L,W,R)=(65.04256pt, 467.42276pt, 65.04256pt)
* v-part:(T,H,B)=(65.04256pt, 714.96173pt, 65.04256pt)
* \paperwidth=597.50787pt
* \paperheight=845.04684pt
* \textwidth=467.42276pt
* \textheight=714.96173pt
* \oddsidemargin=-7.22743pt
* \evensidemargin=-7.22743pt
* \topmargin=-44.22743pt
* \headheight=12.0pt
* \headsep=25.0pt
* \topskip=12.0pt
* \footskip=30.0pt
* \marginparwidth=35.0pt
* \marginparsep=10.0pt
* \columnsep=10.0pt
* \skip\footins=10.8pt plus 4.0pt minus 2.0pt
* \hoffset=0.0pt
* \voffset=0.0pt
* \mag=1000
* \@twocolumnfalse
* \@twosidefalse
* \@mparswitchfalse
* \@reversemarginfalse
* (1in=72.27pt=25.4mm, 1cm=28.453pt)

Package caption Info: Begin \AtBeginDocument code.
Package caption Info: hyperref package is loaded.
Package caption Info: wrapfig package is loaded.
Package caption Info: End \AtBeginDocument code.
\AtBeginShipoutBox=\box56
Package hyperref Info: Link coloring OFF on input line 24.
(/usr/share/texlive/texmf-dist/tex/latex/hyperref/nameref.sty
Package: nameref 2012/10/27 v2.43 Cross-referencing by name of section

(/usr/share/texlive/texmf-dist/tex/generic/oberdiek/gettitlestring.sty
Package: gettitlestring 2010/12/03 v1.4 Cleanup title references (HO)
)
\c@section@level=\count134
)
LaTeX Info: Redefining \ref on input line 24.
LaTeX Info: Redefining \pageref on input line 24.
LaTeX Info: Redefining \nameref on input line 24.

(./tfm.out) (./tfm.out)
\@outlinefile=\write3
\openout3 = `tfm.out'.

LaTeX Font Info:    Try loading font information for OML+lmm on input line 26.
 (/usr/share/texmf/tex/latex/lm/omllmm.fd
File: omllmm.fd 2009/10/30 v1.6 Font defs for Latin Modern
)
LaTeX Font Info:    Try loading font information for OMS+lmsy on input line 26.


(/usr/share/texmf/tex/latex/lm/omslmsy.fd
File: omslmsy.fd 2009/10/30 v1.6 Font defs for Latin Modern
)
LaTeX Font Info:    Try loading font information for OMX+lmex on input line 26.


(/usr/share/texmf/tex/latex/lm/omxlmex.fd
File: omxlmex.fd 2009/10/30 v1.6 Font defs for Latin Modern
)
LaTeX Font Info:    External font `lmex10' loaded for size
(Font)              <14.4> on input line 26.
LaTeX Font Info:    External font `lmex10' loaded for size
(Font)              <10> on input line 26.
LaTeX Font Info:    External font `lmex10' loaded for size
(Font)              <7> on input line 26.
LaTeX Font Info:    Try loading font information for U+msa on input line 26.

(/usr/share/texlive/texmf-dist/tex/latex/amsfonts/umsa.fd
File: umsa.fd 2013/01/14 v3.01 AMS symbols A
)
LaTeX Font Info:    Try loading font information for U+msb on input line 26.

(/usr/share/texlive/texmf-dist/tex/latex/amsfonts/umsb.fd
File: umsb.fd 2013/01/14 v3.01 AMS symbols B
) [1

{/var/lib/texmf/fonts/map/pdftex/updmap/pdftex.map}] (./tfm.toc
LaTeX Font Info:    External font `lmex10' loaded for size
(Font)              <12> on input line 4.
LaTeX Font Info:    External font `lmex10' loaded for size
(Font)              <8> on input line 4.
LaTeX Font Info:    External font `lmex10' loaded for size
(Font)              <6> on input line 4.
)
\tf@toc=\write4
\openout4 = `tfm.toc'.

 [2]
Underfull \hbox (badness 10000) in paragraph at lines 35--36

 []


Underfull \hbox (badness 10000) in paragraph at lines 39--40

 []


Underfull \hbox (badness 10000) in paragraph at lines 41--42

 []

[3]
Underfull \hbox (badness 10000) in paragraph at lines 43--44

 []


Underfull \hbox (badness 10000) in paragraph at lines 45--46

 []

[4]
Underfull \hbox (badness 10000) in paragraph at lines 50--51

 []


Underfull \hbox (badness 10000) in paragraph at lines 52--53

 []


Underfull \hbox (badness 10000) in paragraph at lines 58--59

 []


Underfull \hbox (badness 10000) in paragraph at lines 60--61

 []


Underfull \hbox (badness 10000) in paragraph at lines 66--67

 []

[5]
Underfull \hbox (badness 10000) in paragraph at lines 68--69

 []


Underfull \hbox (badness 10000) in paragraph at lines 70--71

 []


Underfull \hbox (badness 10000) in paragraph at lines 72--73

 []


Underfull \hbox (badness 10000) in paragraph at lines 74--75

 []


Underfull \hbox (badness 10000) in paragraph at lines 76--77

 []

[6] <80_15_c0002_85.jpg, id=156, 321.2pt x 321.2pt>
File: 80_15_c0002_85.jpg Graphic file (type jpg)
 <use 80_15_c0002_85.jpg>
Package pdftex.def Info: 80_15_c0002_85.jpg used on input line 84.
(pdftex.def)             Requested size: 96.36073pt x 96.36073pt.

Overfull \hbox (7.54927pt too wide) in paragraph at lines 84--85
 [][] 
 []

<ung_77_09_c0001_67.jpg, id=157, 321.2pt x 321.2pt>
File: ung_77_09_c0001_67.jpg Graphic file (type jpg)

<use ung_77_09_c0001_67.jpg>
Package pdftex.def Info: ung_77_09_c0001_67.jpg used on input line 88.
(pdftex.def)             Requested size: 96.36073pt x 96.36073pt.

Overfull \hbox (7.54927pt too wide) in paragraph at lines 88--89
 [][] 
 []

<ung_91_62_c0003_87.jpg, id=158, 321.2pt x 321.2pt>
File: ung_91_62_c0003_87.jpg Graphic file (type jpg)

<use ung_91_62_c0003_87.jpg>
Package pdftex.def Info: ung_91_62_c0003_87.jpg used on input line 92.
(pdftex.def)             Requested size: 96.36073pt x 96.36073pt.

Overfull \hbox (7.54927pt too wide) in paragraph at lines 92--93
 [][] 
 []

<ung_144_02_c0006_2.jpg, id=159, 321.2pt x 321.2pt>
File: ung_144_02_c0006_2.jpg Graphic file (type jpg)

<use ung_144_02_c0006_2.jpg>
Package pdftex.def Info: ung_144_02_c0006_2.jpg used on input line 96.
(pdftex.def)             Requested size: 96.36073pt x 96.36073pt.

Overfull \hbox (7.54927pt too wide) in paragraph at lines 96--97
 [][] 
 []

<80_15_c0002_segm_85.png, id=160, 321.2pt x 321.2pt>
File: 80_15_c0002_segm_85.png Graphic file (type png)

<use 80_15_c0002_segm_85.png>
Package pdftex.def Info: 80_15_c0002_segm_85.png used on input line 100.
(pdftex.def)             Requested size: 96.36073pt x 96.36073pt.

Overfull \hbox (2.87761pt too wide) in paragraph at lines 100--101
 [][] 
 []

<ung_77_09_c0001_segm_67.png, id=161, 321.2pt x 321.2pt>
File: ung_77_09_c0001_segm_67.png Graphic file (type png)

<use ung_77_09_c0001_segm_67.png>
Package pdftex.def Info: ung_77_09_c0001_segm_67.png used on input line 104.
(pdftex.def)             Requested size: 96.36073pt x 96.36073pt.

Overfull \hbox (7.54927pt too wide) in paragraph at lines 104--105
 [][] 
 []

<ung_91_62_c0003_segm_87.png, id=162, 321.2pt x 321.2pt>
File: ung_91_62_c0003_segm_87.png Graphic file (type png)

<use ung_91_62_c0003_segm_87.png>
Package pdftex.def Info: ung_91_62_c0003_segm_87.png used on input line 108.
(pdftex.def)             Requested size: 96.36073pt x 96.36073pt.

Overfull \hbox (7.54927pt too wide) in paragraph at lines 108--109
 [][] 
 []

<ung_144_02_c0006_segm_2.png, id=163, 321.2pt x 321.2pt>
File: ung_144_02_c0006_segm_2.png Graphic file (type png)

<use ung_144_02_c0006_segm_2.png>
Package pdftex.def Info: ung_144_02_c0006_segm_2.png used on input line 112.
(pdftex.def)             Requested size: 96.36073pt x 96.36073pt.

Overfull \hbox (7.54927pt too wide) in paragraph at lines 112--113
 [][] 
 []

[7 <./80_15_c0002_85.jpg> <./ung_77_09_c0001_67.jpg> <./ung_91_62_c0003_87.jpg>
 <./ung_144_02_c0006_2.jpg> <./80_15_c0002_segm_85.png (PNG copy)> <./ung_77_09
_c0001_segm_67.png (PNG copy)> <./ung_91_62_c0003_segm_87.png (PNG copy)> <./un
g_144_02_c0006_segm_2.png (PNG copy)>]
Underfull \hbox (badness 10000) in paragraph at lines 124--125

 []


Underfull \hbox (badness 10000) in paragraph at lines 126--127

 []

LaTeX Font Info:    Try loading font information for TS1+lmr on input line 131.

(/usr/share/texmf/tex/latex/lm/ts1lmr.fd
File: ts1lmr.fd 2009/10/30 v1.6 Font defs for Latin Modern
)
Underfull \hbox (badness 10000) in paragraph at lines 136--137

 []


Underfull \hbox (badness 10000) in paragraph at lines 138--139

 []


Underfull \hbox (badness 10000) in paragraph at lines 140--141

 []

(/usr/share/texlive/texmf-dist/tex/latex/ucs/data/uni-0.def
File: uni-0.def 2013/05/13 UCS: Unicode data U+0000..U+00FF
)
Underfull \hbox (badness 10000) in paragraph at lines 142--143

 []

[8]
Underfull \hbox (badness 10000) in paragraph at lines 144--145

 []


Underfull \hbox (badness 10000) in paragraph at lines 146--147

 []


Underfull \hbox (badness 10000) in paragraph at lines 152--153

 []


Underfull \hbox (badness 10000) in paragraph at lines 154--155

 []


Underfull \hbox (badness 10000) in paragraph at lines 161--162

 []


Underfull \hbox (badness 10000) in paragraph at lines 163--164

 []


Underfull \hbox (badness 10000) in paragraph at lines 165--166

 []


Underfull \hbox (badness 10000) in paragraph at lines 171--172

 []


Underfull \hbox (badness 10000) in paragraph at lines 173--174

 []


Underfull \hbox (badness 10000) in paragraph at lines 181--182

 []

[9]
Underfull \hbox (badness 10000) in paragraph at lines 185--186

 []


Underfull \hbox (badness 10000) in paragraph at lines 191--192

 []


Underfull \hbox (badness 10000) in paragraph at lines 197--198

 []


Underfull \hbox (badness 10000) in paragraph at lines 199--200

 []

<ccf.png, id=188, 485.56406pt x 333.49594pt>
File: ccf.png Graphic file (type png)
 <use ccf.png>
Package pdftex.def Info: ccf.png used on input line 204.
(pdftex.def)             Requested size: 267.06105pt x 183.42332pt.

Underfull \hbox (badness 10000) in paragraph at lines 210--211

 []

[10]
Underfull \hbox (badness 10000) in paragraph at lines 212--213

 []


Underfull \hbox (badness 10000) in paragraph at lines 214--215

 []

<icnet.png, id=194, 1015.54407pt x 444.91219pt>
File: icnet.png Graphic file (type png)
 <use icnet.png>
Package pdftex.def Info: icnet.png used on input line 218.
(pdftex.def)             Requested size: 456.99062pt x 200.20862pt.

Underfull \hbox (badness 10000) in paragraph at lines 234--235

 []

[11 <./ccf.png>]
Underfull \hbox (badness 10000) in paragraph at lines 262--263

 []

[12 <./icnet.png>]
Underfull \hbox (badness 10000) in paragraph at lines 285--286

 []

<icnet_res_1.jpg, id=210, 722.7pt x 505.89pt>
File: icnet_res_1.jpg Graphic file (type jpg)
 <use icnet_res_1.jpg>
Package pdftex.def Info: icnet_res_1.jpg used on input line 291.
(pdftex.def)             Requested size: 222.02509pt x 155.41937pt.

<icnet_res_2.jpg, id=211, 722.7pt x 505.89pt>
File: icnet_res_2.jpg Graphic file (type jpg)
 <use icnet_res_2.jpg>
Package pdftex.def Info: icnet_res_2.jpg used on input line 295.
(pdftex.def)             Requested size: 222.02509pt x 155.41937pt.


LaTeX Warning: Reference `method' on page 13 undefined on input line 301.


Underfull \hbox (badness 10000) in paragraph at lines 301--302

 []

[13 <./icnet_res_1.jpg> <./icnet_res_2.jpg>]

LaTeX Warning: Reference `method' on page 14 undefined on input line 303.


Underfull \hbox (badness 10000) in paragraph at lines 303--304

 []


Underfull \hbox (badness 10000) in paragraph at lines 328--329

 []


Underfull \hbox (badness 10000) in paragraph at lines 331--332

 []


Underfull \hbox (badness 10000) in paragraph at lines 346--347

 []

<ung_126_09_c0008_segm_85_gt.png, id=222, 321.2pt x 321.2pt>
File: ung_126_09_c0008_segm_85_gt.png Graphic file (type png)

<use ung_126_09_c0008_segm_85_gt.png>
Package pdftex.def Info: ung_126_09_c0008_segm_85_gt.png used on input line 352
.
(pdftex.def)             Requested size: 96.36073pt x 96.36073pt.

Overfull \hbox (7.54927pt too wide) in paragraph at lines 352--353
 [][] 
 []

<ung_137_31_c0008_segm_77_gt.png, id=223, 321.2pt x 321.2pt>
File: ung_137_31_c0008_segm_77_gt.png Graphic file (type png)

<use ung_137_31_c0008_segm_77_gt.png>
Package pdftex.def Info: ung_137_31_c0008_segm_77_gt.png used on input line 356
.
(pdftex.def)             Requested size: 96.36073pt x 96.36073pt.

Overfull \hbox (7.54927pt too wide) in paragraph at lines 356--357
 [][] 
 []

<19_12_c0006_segm_29_gt.png, id=224, 321.2pt x 321.2pt>
File: 19_12_c0006_segm_29_gt.png Graphic file (type png)

<use 19_12_c0006_segm_29_gt.png>
Package pdftex.def Info: 19_12_c0006_segm_29_gt.png used on input line 360.
(pdftex.def)             Requested size: 96.36073pt x 96.36073pt.

Overfull \hbox (7.54927pt too wide) in paragraph at lines 360--361
 [][] 
 []

<ung_144_34_c0008_segm_39_gt.png, id=225, 321.2pt x 321.2pt>
File: ung_144_34_c0008_segm_39_gt.png Graphic file (type png)

<use ung_144_34_c0008_segm_39_gt.png>
Package pdftex.def Info: ung_144_34_c0008_segm_39_gt.png used on input line 364
.
(pdftex.def)             Requested size: 96.36073pt x 96.36073pt.

Overfull \hbox (7.54927pt too wide) in paragraph at lines 364--365
 [][] 
 []

<ung_126_09_c0008_85.jpg, id=226, 321.2pt x 321.2pt>
File: ung_126_09_c0008_85.jpg Graphic file (type jpg)

<use ung_126_09_c0008_85.jpg>
Package pdftex.def Info: ung_126_09_c0008_85.jpg used on input line 368.
(pdftex.def)             Requested size: 96.36073pt x 96.36073pt.

Overfull \hbox (2.87761pt too wide) in paragraph at lines 368--369
 [][] 
 []

<ung_137_31_c0008_77.jpg, id=227, 321.2pt x 321.2pt>
File: ung_137_31_c0008_77.jpg Graphic file (type jpg)

<use ung_137_31_c0008_77.jpg>
Package pdftex.def Info: ung_137_31_c0008_77.jpg used on input line 372.
(pdftex.def)             Requested size: 96.36073pt x 96.36073pt.

Overfull \hbox (7.54927pt too wide) in paragraph at lines 372--373
 [][] 
 []

<19_12_c0006_29.jpg, id=228, 321.2pt x 321.2pt>
File: 19_12_c0006_29.jpg Graphic file (type jpg)
 <use 19_12_c0006_29.jpg>
Package pdftex.def Info: 19_12_c0006_29.jpg used on input line 376.
(pdftex.def)             Requested size: 96.36073pt x 96.36073pt.

Overfull \hbox (7.54927pt too wide) in paragraph at lines 376--377
 [][] 
 []

<ung_144_34_c0008_39.jpg, id=229, 321.2pt x 321.2pt>
File: ung_144_34_c0008_39.jpg Graphic file (type jpg)

<use ung_144_34_c0008_39.jpg>
Package pdftex.def Info: ung_144_34_c0008_39.jpg used on input line 380.
(pdftex.def)             Requested size: 96.36073pt x 96.36073pt.

Overfull \hbox (7.54927pt too wide) in paragraph at lines 380--381
 [][] 
 []


Underfull \hbox (badness 10000) in paragraph at lines 393--394

 []

[14]
Underfull \hbox (badness 10000) in paragraph at lines 395--396

 []


Underfull \hbox (badness 10000) in paragraph at lines 397--398

 []


Underfull \hbox (badness 10000) in paragraph at lines 401--402

 []

[15 <./ung_126_09_c0008_segm_85_gt.png (PNG copy)> <./ung_137_31_c0008_segm_77_
gt.png (PNG copy)> <./19_12_c0006_segm_29_gt.png (PNG copy)> <./ung_144_34_c000
8_segm_39_gt.png (PNG copy)> <./ung_126_09_c0008_85.jpg> <./ung_137_31_c0008_77
.jpg> <./19_12_c0006_29.jpg> <./ung_144_34_c0008_39.jpg>]
Underfull \hbox (badness 10000) in paragraph at lines 407--408

 []


Underfull \hbox (badness 10000) in paragraph at lines 409--410

 []


Underfull \hbox (badness 10000) in paragraph at lines 411--412

 []


Underfull \hbox (badness 10000) in paragraph at lines 413--414

 []


Underfull \hbox (badness 10000) in paragraph at lines 415--416

 []


Underfull \hbox (badness 10000) in paragraph at lines 421--422

 []

[16] <seg_net.png, id=253, 718.18312pt x 365.86688pt>
File: seg_net.png Graphic file (type png)
 <use seg_net.png>
Package pdftex.def Info: seg_net.png used on input line 429.
(pdftex.def)             Requested size: 323.17941pt x 164.63857pt.

Underfull \hbox (badness 10000) in paragraph at lines 435--436

 []


Underfull \hbox (badness 10000) in paragraph at lines 437--438

 []

<seg_idx.png, id=255, 294.34969pt x 274.02374pt>
File: seg_idx.png Graphic file (type png)
 <use seg_idx.png>
Package pdftex.def Info: seg_idx.png used on input line 441.
(pdftex.def)             Requested size: 147.17447pt x 137.01154pt.

Underfull \hbox (badness 10000) in paragraph at lines 447--448

 []


Underfull \hbox (badness 10000) in paragraph at lines 449--450

 []

[17 <./seg_net.png>]
Underfull \hbox (badness 10000) in paragraph at lines 451--452

 []


Underfull \hbox (badness 10000) in paragraph at lines 455--456

 []


Underfull \hbox (badness 10000) in paragraph at lines 476--477

 []


Underfull \hbox (badness 10000) in paragraph at lines 478--479

 []


Underfull \hbox (badness 10000) in paragraph at lines 480--481

 []

[18 <./seg_idx.png>]
Underfull \hbox (badness 10000) in paragraph at lines 499--500

 []

<seg_res_1.jpg, id=270, 578.16pt x 578.16pt>
File: seg_res_1.jpg Graphic file (type jpg)
 <use seg_res_1.jpg>
Package pdftex.def Info: seg_res_1.jpg used on input line 505.
(pdftex.def)             Requested size: 222.02509pt x 222.02327pt.

<seg_res_2.jpg, id=271, 578.16pt x 578.16pt>
File: seg_res_2.jpg Graphic file (type jpg)
 <use seg_res_2.jpg>
Package pdftex.def Info: seg_res_2.jpg used on input line 509.
(pdftex.def)             Requested size: 222.02509pt x 222.02327pt.


LaTeX Warning: `!h' float specifier changed to `!ht'.


Underfull \hbox (badness 10000) in paragraph at lines 538--539

 []


Underfull \hbox (badness 10000) in paragraph at lines 540--541

 []


LaTeX Warning: `!h' float specifier changed to `!ht'.


Underfull \hbox (badness 10000) in paragraph at lines 556--557

 []

[19] <36_04_c0001_segm_30.png, id=285, 321.2pt x 321.2pt>
File: 36_04_c0001_segm_30.png Graphic file (type png)

<use 36_04_c0001_segm_30.png>
Package pdftex.def Info: 36_04_c0001_segm_30.png used on input line 562.
(pdftex.def)             Requested size: 96.36073pt x 96.36073pt.

Overfull \hbox (7.54927pt too wide) in paragraph at lines 562--563
 [][] 
 []

<36_16_c0002_segm_34.png, id=286, 321.2pt x 321.2pt>
File: 36_16_c0002_segm_34.png Graphic file (type png)

<use 36_16_c0002_segm_34.png>
Package pdftex.def Info: 36_16_c0002_segm_34.png used on input line 566.
(pdftex.def)             Requested size: 96.36073pt x 96.36073pt.

Overfull \hbox (7.54927pt too wide) in paragraph at lines 566--567
 [][] 
 []

<104_52_c0002_segm_38.png, id=287, 321.2pt x 321.2pt>
File: 104_52_c0002_segm_38.png Graphic file (type png)

<use 104_52_c0002_segm_38.png>
Package pdftex.def Info: 104_52_c0002_segm_38.png used on input line 570.
(pdftex.def)             Requested size: 96.36073pt x 96.36073pt.

Overfull \hbox (7.54927pt too wide) in paragraph at lines 570--571
 [][] 
 []

<ung_133_25_c0001_segm_29.png, id=288, 321.2pt x 321.2pt>
File: ung_133_25_c0001_segm_29.png Graphic file (type png)

<use ung_133_25_c0001_segm_29.png>
Package pdftex.def Info: ung_133_25_c0001_segm_29.png used on input line 574.
(pdftex.def)             Requested size: 96.36073pt x 96.36073pt.

Overfull \hbox (7.54927pt too wide) in paragraph at lines 574--574
 [][] 
 []

<36_04_c0001_segm_30_seg.png, id=289, 321.2pt x 321.2pt>
File: 36_04_c0001_segm_30_seg.png Graphic file (type png)

<use 36_04_c0001_segm_30_seg.png>
Package pdftex.def Info: 36_04_c0001_segm_30_seg.png used on input line 578.
(pdftex.def)             Requested size: 94.75317pt x 94.75317pt.

Overfull \hbox (2.20439pt too wide) in paragraph at lines 578--579
 [][] 
 []

<36_16_c0002_segm_34_seg.png, id=290, 321.2pt x 321.2pt>
File: 36_16_c0002_segm_34_seg.png Graphic file (type png)

<use 36_16_c0002_segm_34_seg.png>
Package pdftex.def Info: 36_16_c0002_segm_34_seg.png used on input line 582.
(pdftex.def)             Requested size: 94.75317pt x 94.75317pt.

Overfull \hbox (5.94171pt too wide) in paragraph at lines 582--583
 [][] 
 []

<104_52_c0002_segm_38_seg.png, id=291, 321.2pt x 321.2pt>
File: 104_52_c0002_segm_38_seg.png Graphic file (type png)

<use 104_52_c0002_segm_38_seg.png>
Package pdftex.def Info: 104_52_c0002_segm_38_seg.png used on input line 586.
(pdftex.def)             Requested size: 94.75317pt x 94.75317pt.

Overfull \hbox (5.94171pt too wide) in paragraph at lines 586--587
 [][] 
 []

<ung_133_25_c0001_segm_29_seg.png, id=292, 321.2pt x 321.2pt>
File: ung_133_25_c0001_segm_29_seg.png Graphic file (type png)

<use ung_133_25_c0001_segm_29_seg.png>
Package pdftex.def Info: ung_133_25_c0001_segm_29_seg.png used on input line 59
0.
(pdftex.def)             Requested size: 95.07664pt x 95.07664pt.

Overfull \hbox (6.73592pt too wide) in paragraph at lines 590--591
 [][] 
 []


Underfull \hbox (badness 10000) in paragraph at lines 599--600

 []


Underfull \hbox (badness 10000) in paragraph at lines 601--602

 []

[20 <./seg_res_1.jpg> <./seg_res_2.jpg>]
Underfull \hbox (badness 10000) in paragraph at lines 603--604

 []


Underfull \hbox (badness 10000) in paragraph at lines 605--606

 []

[21 <./36_04_c0001_segm_30.png (PNG copy)> <./36_16_c0002_segm_34.png (PNG copy
)> <./104_52_c0002_segm_38.png (PNG copy)> <./ung_133_25_c0001_segm_29.png (PNG
 copy)> <./36_04_c0001_segm_30_seg.png (PNG copy)> <./36_16_c0002_segm_34_seg.p
ng (PNG copy)> <./104_52_c0002_segm_38_seg.png (PNG copy)> <./ung_133_25_c0001_
segm_29_seg.png (PNG copy)>] <seg_res_3.jpg, id=309, 578.16pt x 578.16pt>
File: seg_res_3.jpg Graphic file (type jpg)

<use seg_res_3.jpg>
Package pdftex.def Info: seg_res_3.jpg used on input line 609.
(pdftex.def)             Requested size: 231.2599pt x 231.2599pt.

Underfull \hbox (badness 10000) in paragraph at lines 614--615

 []

[22 <./seg_res_3.jpg>]
Underfull \hbox (badness 10000) in paragraph at lines 625--626

 []


Underfull \hbox (badness 10000) in paragraph at lines 627--628

 []


Underfull \hbox (badness 10000) in paragraph at lines 629--630

 []

<stacked.png, id=316, 522.45187pt x 153.57375pt>
File: stacked.png Graphic file (type png)
 <use stacked.png>
Package pdftex.def Info: stacked.png used on input line 635.
(pdftex.def)             Requested size: 365.7138pt x 107.50089pt.

Underfull \hbox (badness 10000) in paragraph at lines 641--642

 []

<hourmodule.png, id=318, 523.20468pt x 181.42781pt>
File: hourmodule.png Graphic file (type png)
 <use hourmodule.png>
Package pdftex.def Info: hourmodule.png used on input line 645.
(pdftex.def)             Requested size: 366.24077pt x 126.9986pt.

Underfull \hbox (badness 10000) in paragraph at lines 650--651

 []

[23 <./stacked.png>] <residual.png, id=327, 539.01375pt x 102.3825pt>
File: residual.png Graphic file (type png)

<use residual.png>
Package pdftex.def Info: residual.png used on input line 656.
(pdftex.def)             Requested size: 377.30704pt x 71.66725pt.

Underfull \hbox (badness 10000) in paragraph at lines 661--662

 []


Underfull \hbox (badness 10000) in paragraph at lines 663--664

 []

[24 <./hourmodule.png> <./residual.png>]
Underfull \hbox (badness 10000) in paragraph at lines 667--668

 []


Overfull \hbox (3.8113pt too wide) in paragraph at lines 669--670
[]\OT1/lmr/m/n/12 Also,regarding the last sec-tion of gen-eral net-works, the e
x-per-i-men-tal pro-ce-dure is changed.
 []


Underfull \hbox (badness 10000) in paragraph at lines 669--670

 []


Underfull \hbox (badness 10000) in paragraph at lines 671--672

 []

<02_05_c0005_segm_80_2c.png, id=335, 321.2pt x 321.2pt>
File: 02_05_c0005_segm_80_2c.png Graphic file (type png)

<use 02_05_c0005_segm_80_2c.png>
Package pdftex.def Info: 02_05_c0005_segm_80_2c.png used on input line 677.
(pdftex.def)             Requested size: 96.36073pt x 96.36073pt.

Overfull \hbox (7.54927pt too wide) in paragraph at lines 677--678
 [][] 
 []

<02_05_c0005_segm_80_6c.png, id=336, 321.2pt x 321.2pt>
File: 02_05_c0005_segm_80_6c.png Graphic file (type png)

<use 02_05_c0005_segm_80_6c.png>
Package pdftex.def Info: 02_05_c0005_segm_80_6c.png used on input line 681.
(pdftex.def)             Requested size: 96.36073pt x 96.36073pt.

Overfull \hbox (7.54927pt too wide) in paragraph at lines 681--682
 [][] 
 []

<02_05_c0005_segm_80_12c.png, id=337, 321.2pt x 321.2pt>
File: 02_05_c0005_segm_80_12c.png Graphic file (type png)

<use 02_05_c0005_segm_80_12c.png>
Package pdftex.def Info: 02_05_c0005_segm_80_12c.png used on input line 685.
(pdftex.def)             Requested size: 96.36073pt x 96.36073pt.

Overfull \hbox (7.54927pt too wide) in paragraph at lines 685--686
 [][] 
 []

<02_05_c0005_segm_80_25c.png, id=338, 321.2pt x 321.2pt>
File: 02_05_c0005_segm_80_25c.png Graphic file (type png)

<use 02_05_c0005_segm_80_25c.png>
Package pdftex.def Info: 02_05_c0005_segm_80_25c.png used on input line 689.
(pdftex.def)             Requested size: 96.36073pt x 96.36073pt.

Overfull \hbox (7.54927pt too wide) in paragraph at lines 689--689
 [][] 
 []


Underfull \hbox (badness 10000) in paragraph at lines 695--696

 []

[25 <./02_05_c0005_segm_80_2c.png (PNG copy)> <./02_05_c0005_segm_80_6c.png (PN
G copy)> <./02_05_c0005_segm_80_12c.png (PNG copy)> <./02_05_c0005_segm_80_25c.
png (PNG copy)>]
Underfull \hbox (badness 10000) in paragraph at lines 697--698

 []

<multitask.png, id=347, 803.0pt x 602.25pt>
File: multitask.png Graphic file (type png)
 <use multitask.png>
Package pdftex.def Info: multitask.png used on input line 702.
(pdftex.def)             Requested size: 321.1943pt x 240.89572pt.

<surreal_joints.png, id=349, 578.16pt x 578.16pt>
File: surreal_joints.png Graphic file (type png)
 <use surreal_joints.png>
Package pdftex.def Info: surreal_joints.png used on input line 712.
(pdftex.def)             Requested size: 289.07928pt x 289.07928pt.

Overfull \hbox (55.3679pt too wide) in paragraph at lines 712--713
 [][] 
 []

<central_point_parts.png, id=350, 722.7pt x 722.7pt>
File: central_point_parts.png Graphic file (type png)

<use central_point_parts.png>
Package pdftex.def Info: central_point_parts.png used on input line 716.
(pdftex.def)             Requested size: 216.81166pt x 216.81166pt.

Overfull \hbox (6.47285pt too wide) in paragraph at lines 716--717
 [][] 
 []


Underfull \hbox (badness 10000) in paragraph at lines 725--726

 []

<loss_plot_GTnormal.jpg, id=351, 578.16pt x 578.16pt>
File: loss_plot_GTnormal.jpg Graphic file (type jpg)

<use loss_plot_GTnormal.jpg>
Package pdftex.def Info: loss_plot_GTnormal.jpg used on input line 729.
(pdftex.def)             Requested size: 289.07928pt x 289.07928pt.
 [26 <./multitask.png>] [27 <./surreal_joints.png> <./central_point_parts.png> 
<./loss_plot_GTnormal.jpg>]
Package atveryend Info: Empty hook `BeforeClearDocument' on input line 739.
 [28]
Package atveryend Info: Empty hook `AfterLastShipout' on input line 739.
 (./tfm.aux)
Package atveryend Info: Executing hook `AtVeryEndDocument' on input line 739.
Package atveryend Info: Executing hook `AtEndAfterFileList' on input line 739.
Package rerunfilecheck Info: File `tfm.out' has not changed.
(rerunfilecheck)             Checksum: 62D644E6AD3EFEC95EA59384AD5B6389;1666.


LaTeX Warning: There were undefined references.


LaTeX Warning: Label(s) may have changed. Rerun to get cross-references right.

Package atveryend Info: Empty hook `AtVeryVeryEnd' on input line 739.
 ) 
Here is how much of TeX's memory you used:
 9916 strings out of 493029
 149707 string characters out of 6136235
 260782 words of memory out of 5000000
 13171 multiletter control sequences out of 15000+600000
 53493 words of font info for 55 fonts, out of 8000000 for 9000
 1141 hyphenation exceptions out of 8191
 36i,10n,39p,1662b,478s stack positions out of 5000i,500n,10000p,200000b,80000s
{/usr/share/texmf/fonts/enc/dvips/lm/lm-rm.enc}{/usr/share/texmf/fonts/enc/dv
ips/lm/lm-mathsy.enc}{/usr/share/texmf/fonts/enc/dvips/lm/lm-mathit.enc}{/usr/s
hare/texmf/fonts/enc/dvips/lm/lm-mathex.enc}{/usr/share/texmf/fonts/enc/dvips/l
m/lm-ts1.enc}</usr/share/texmf/fonts/type1/public/lm/lmbx10.pfb></usr/share/tex
mf/fonts/type1/public/lm/lmbx12.pfb></usr/share/texmf/fonts/type1/public/lm/lme
x10.pfb></usr/share/texmf/fonts/type1/public/lm/lmmi12.pfb></usr/share/texmf/fo
nts/type1/public/lm/lmmi6.pfb></usr/share/texmf/fonts/type1/public/lm/lmmi8.pfb
></usr/share/texmf/fonts/type1/public/lm/lmr12.pfb></usr/share/texmf/fonts/type
1/public/lm/lmr17.pfb></usr/share/texmf/fonts/type1/public/lm/lmr6.pfb></usr/sh
are/texmf/fonts/type1/public/lm/lmr8.pfb></usr/share/texmf/fonts/type1/public/l
m/lmri12.pfb></usr/share/texmf/fonts/type1/public/lm/lmsy10.pfb></usr/share/tex
mf/fonts/type1/public/lm/lmsy6.pfb></usr/share/texmf/fonts/type1/public/lm/lmsy
8.pfb>
Output written on tfm.pdf (28 pages, 1311708 bytes).
PDF statistics:
 441 PDF objects out of 1000 (max. 8388607)
 346 compressed objects within 4 object streams
 78 named destinations out of 1000 (max. 500000)
 413 words of extra memory for PDF output out of 10000 (max. 10000000)

