\BOOKMARK [0][-]{section*.1}{\376\377\000A\000b\000s\000t\000r\000a\000c\000t}{}% 1
\BOOKMARK [0][-]{section*.2}{\376\377\000A\000c\000k\000n\000o\000w\000l\000e\000d\000g\000e\000m\000e\000n\000t\000s}{}% 2
\BOOKMARK [0][-]{chapter.4}{\376\377\000I\000n\000t\000r\000o\000d\000u\000c\000t\000i\000o\000n\000\040\000a\000n\000d\000\040\000D\000a\000t\000a\000s\000e\000t}{}% 3
\BOOKMARK [1][-]{section.5}{\376\377\000I\000n\000t\000r\000o\000d\000u\000c\000t\000i\000o\000n}{chapter.4}% 4
\BOOKMARK [1][-]{section.6}{\376\377\000S\000U\000R\000R\000E\000A\000L\000\040\000D\000a\000t\000a\000s\000e\000t}{chapter.4}% 5
\BOOKMARK [2][-]{subsection.7}{\376\377\000I\000m\000a\000g\000e\000\040\000r\000e\000n\000d\000e\000r\000i\000n\000g\000\040\000p\000r\000o\000c\000e\000d\000u\000r\000e}{section.6}% 6
\BOOKMARK [2][-]{subsection.8}{\376\377\000D\000a\000t\000a\000s\000e\000t\000\040\000d\000e\000t\000a\000i\000l\000s\000\040\000a\000n\000d\000\040\000a\000d\000a\000p\000t\000a\000t\000i\000o\000n}{section.6}% 7
\BOOKMARK [0][-]{chapter.10}{\376\377\000N\000e\000t\000w\000o\000r\000k\000\040\000s\000t\000u\000d\000y}{}% 8
\BOOKMARK [1][-]{section.11}{\376\377\000G\000e\000n\000e\000r\000a\000l\000\040\000S\000e\000g\000m\000e\000n\000t\000a\000t\000i\000o\000n\000\040\000P\000u\000r\000p\000o\000s\000e\000d\000\040\000N\000e\000t\000w\000o\000r\000k\000s}{chapter.10}% 9
\BOOKMARK [2][-]{subsection.12}{\376\377\000E\000x\000p\000e\000r\000i\000m\000e\000n\000t\000a\000l\000\040\000P\000r\000o\000c\000e\000d\000u\000r\000e}{section.11}% 10
\BOOKMARK [2][-]{subsection.13}{\376\377\000I\000C\000N\000e\000t\000:\000\040\000I\000m\000a\000g\000e\000\040\000C\000a\000s\000c\000a\000d\000e\000\040\000N\000e\000t\000w\000o\000r\000k}{section.11}% 11
\BOOKMARK [3][-]{section*.14}{\376\377\000I\000n\000t\000r\000o\000d\000u\000c\000t\000i\000o\000n}{subsection.13}% 12
\BOOKMARK [3][-]{section*.15}{\376\377\000D\000e\000s\000c\000r\000i\000p\000t\000i\000o\000n}{subsection.13}% 13
\BOOKMARK [3][-]{section*.18}{\376\377\000R\000e\000s\000u\000l\000t\000s}{subsection.13}% 14
\BOOKMARK [3][-]{section*.24}{\376\377\000A\000n\000a\000l\000y\000s\000i\000s\000\040\000a\000n\000d\000\040\000C\000o\000n\000c\000l\000u\000s\000i\000o\000n\000s}{subsection.13}% 15
\BOOKMARK [2][-]{subsection.26}{\376\377\000S\000e\000g\000N\000e\000t}{section.11}% 16
\BOOKMARK [3][-]{section*.27}{\376\377\000I\000n\000t\000r\000o\000d\000u\000c\000t\000i\000o\000n}{subsection.26}% 17
\BOOKMARK [3][-]{section*.28}{\376\377\000D\000e\000s\000c\000r\000i\000p\000t\000i\000o\000n}{subsection.26}% 18
\BOOKMARK [3][-]{section*.31}{\376\377\000R\000e\000s\000u\000l\000t\000s}{subsection.26}% 19
\BOOKMARK [3][-]{section*.37}{\376\377\000A\000n\000a\000l\000y\000s\000i\000s\000\040\000a\000n\000d\000\040\000C\000o\000n\000c\000l\000u\000s\000i\000o\000n\000s}{subsection.26}% 20
\BOOKMARK [1][-]{section.39}{\376\377\000S\000p\000e\000c\000i\000a\000l\000i\000z\000e\000d\000\040\000N\000e\000t\000w\000o\000r\000k\000s}{chapter.10}% 21
\BOOKMARK [2][-]{subsection.40}{\376\377\000S\000t\000a\000c\000k\000e\000d\000\040\000H\000o\000u\000r\000g\000l\000a\000s\000s}{section.39}% 22
\BOOKMARK [3][-]{section*.41}{\376\377\000I\000n\000t\000r\000o\000d\000u\000c\000t\000i\000o\000n}{subsection.40}% 23
\BOOKMARK [3][-]{section*.42}{\376\377\000D\000e\000s\000c\000r\000i\000p\000t\000i\000o\000n}{subsection.40}% 24
\BOOKMARK [3][-]{section*.46}{\376\377\000E\000x\000p\000e\000r\000i\000m\000e\000n\000t\000a\000l\000\040\000P\000r\000o\000c\000e\000d\000u\000r\000e}{subsection.40}% 25
\BOOKMARK [3][-]{section*.50}{\376\377\000R\000e\000s\000u\000l\000t\000s\000\040\000a\000n\000d\000\040\000a\000n\000a\000l\000y\000s\000i\000s}{subsection.40}% 26
\BOOKMARK [0][-]{chapter.56}{\376\377\000N\000e\000t\000w\000o\000r\000k\000\040\000C\000o\000m\000p\000a\000r\000i\000s\000o\000n\000\040\000a\000n\000d\000\040\000C\000o\000n\000c\000l\000u\000s\000i\000o\000n\000s}{}% 27
\BOOKMARK [1][-]{section.57}{\376\377\000N\000e\000t\000w\000o\000r\000k\000\040\000C\000o\000m\000p\000a\000r\000i\000s\000o\000n}{chapter.56}% 28
\BOOKMARK [1][-]{section.62}{\376\377\000C\000o\000n\000c\000l\000u\000s\000i\000o\000n\000s}{chapter.56}% 29
\BOOKMARK [0][-]{appendix*.63}{\376\377\000B\000i\000b\000l\000i\000o\000g\000r\000a\000p\000h\000y}{}% 30
